<?xml version="1.0" encoding="UTF-8"?>
<!-- Generated by org.testng.reporters.JUnitXMLReporter -->
<testsuite ignored="3" hostname="Mayu" failures="0" tests="5" name="Test" time="0.06" errors="0" timestamp="2024-07-20T22:52:16 IST">
  <testcase classname="testNGXML.NewTest5" name="q" time="0.007"/>
  <testcase classname="testNGXML.NewTest5" name="s" time="0.001"/>
  <testcase classname="testNGXML.NewTest5" name="t" time="0.002"/>
  <testcase classname="testNGXML.NewTest4" name="n" time="0.002"/>
  <testcase classname="testNGXML.NewTest4" name="o" time="0.001"/>
  <testcase classname="testNGXML.NewTest4" name="m" time="0.0">
    <ignored/>
  </testcase> <!-- m -->
  <testcase classname="testNGXML.NewTest4" name="p" time="0.0">
    <ignored/>
  </testcase> <!-- p -->
  <testcase classname="testNGXML.NewTest5" name="r" time="0.0">
    <ignored/>
  </testcase> <!-- r -->
</testsuite> <!-- Test -->
